<?xml version="1.0" encoding="UTF-8"?>
<testng-results skipped="0" failed="0" ignored="0" total="1" passed="1">
  <reporter-output>
  </reporter-output>
  <suite name="Suite" duration-ms="9852" started-at="2020-08-20T15:27:12Z" finished-at="2020-08-20T15:27:22Z">
    <groups>
    </groups>
    <test name="Test" duration-ms="9852" started-at="2020-08-20T15:27:12Z" finished-at="2020-08-20T15:27:22Z">
      <class name="com.ohrm.test.LT">
        <test-method status="PASS" signature="bedoreClassTest()[pri:0, instance:com.ohrm.test.LT@6a41eaa2]" name="bedoreClassTest" is-config="true" duration-ms="60" started-at="2020-08-20T15:27:12Z" finished-at="2020-08-20T15:27:12Z">
          <reporter-output>
          </reporter-output>
        </test-method> <!-- bedoreClassTest -->
        <test-method status="PASS" signature="beforeMethodTest()[pri:0, instance:com.ohrm.test.LT@6a41eaa2]" name="beforeMethodTest" is-config="true" duration-ms="1" started-at="2020-08-20T15:27:12Z" finished-at="2020-08-20T15:27:12Z">
          <reporter-output>
          </reporter-output>
        </test-method> <!-- beforeMethodTest -->
        <test-method status="PASS" signature="Test1()[pri:1, instance:com.ohrm.test.LT@6a41eaa2]" name="Test1" duration-ms="9749" started-at="2020-08-20T15:27:12Z" finished-at="2020-08-20T15:27:22Z">
          <reporter-output>
          </reporter-output>
        </test-method> <!-- Test1 -->
        <test-method status="PASS" signature="afterMethodTest()[pri:0, instance:com.ohrm.test.LT@6a41eaa2]" name="afterMethodTest" is-config="true" duration-ms="2" started-at="2020-08-20T15:27:22Z" finished-at="2020-08-20T15:27:22Z">
          <reporter-output>
          </reporter-output>
        </test-method> <!-- afterMethodTest -->
        <test-method status="PASS" signature="afterClassTest()[pri:0, instance:com.ohrm.test.LT@6a41eaa2]" name="afterClassTest" is-config="true" duration-ms="0" started-at="2020-08-20T15:27:22Z" finished-at="2020-08-20T15:27:22Z">
          <reporter-output>
          </reporter-output>
        </test-method> <!-- afterClassTest -->
      </class> <!-- com.ohrm.test.LT -->
    </test> <!-- Test -->
  </suite> <!-- Suite -->
</testng-results>
