<?xml version="1.0" encoding="UTF-8"?>
<testng-results skipped="0" failed="0" ignored="0" total="1" passed="1">
  <reporter-output>
  </reporter-output>
  <suite name="Default suite" duration-ms="10002" started-at="2020-08-21T03:47:04Z" finished-at="2020-08-21T03:47:14Z">
    <groups>
    </groups>
    <test name="Default test" duration-ms="10002" started-at="2020-08-21T03:47:04Z" finished-at="2020-08-21T03:47:14Z">
      <class name="com.ohrm.test.LT">
        <test-method status="PASS" signature="bedoreClassTest()[pri:0, instance:com.ohrm.test.LT@6f7fd0e6]" name="bedoreClassTest" is-config="true" duration-ms="114" started-at="2020-08-21T03:47:04Z" finished-at="2020-08-21T03:47:04Z">
          <reporter-output>
          </reporter-output>
        </test-method> <!-- bedoreClassTest -->
        <test-method status="PASS" signature="beforeMethodTest()[pri:0, instance:com.ohrm.test.LT@6f7fd0e6]" name="beforeMethodTest" is-config="true" duration-ms="1" started-at="2020-08-21T03:47:04Z" finished-at="2020-08-21T03:47:04Z">
          <reporter-output>
          </reporter-output>
        </test-method> <!-- beforeMethodTest -->
        <test-method status="PASS" signature="Test1()[pri:1, instance:com.ohrm.test.LT@6f7fd0e6]" name="Test1" duration-ms="9851" started-at="2020-08-21T03:47:04Z" finished-at="2020-08-21T03:47:14Z">
          <reporter-output>
          </reporter-output>
        </test-method> <!-- Test1 -->
        <test-method status="PASS" signature="afterMethodTest()[pri:0, instance:com.ohrm.test.LT@6f7fd0e6]" name="afterMethodTest" is-config="true" duration-ms="0" started-at="2020-08-21T03:47:14Z" finished-at="2020-08-21T03:47:14Z">
          <reporter-output>
          </reporter-output>
        </test-method> <!-- afterMethodTest -->
      </class> <!-- com.ohrm.test.LT -->
    </test> <!-- Default test -->
  </suite> <!-- Default suite -->
</testng-results>
